+-----------+------------------+------------+-----------+--------------+-------------+--------------+-------------+-------------+----------+
| Quartus   | Chip             |   Total LE |   Used LE |   Total pins |   Used pins |   Total bits |   Used bits |   Fwishbone |   Fsdram |
+===========+==================+============+===========+==============+=============+==============+=============+=============+==========+
| 13.0.1    | EP2C20F484C7     |      18752 |      7109 |          315 |          49 |       239616 |       77056 |       73.72 |    82.97 |
+-----------+------------------+------------+-----------+--------------+-------------+--------------+-------------+-------------+----------+
| 13.0.1    | EP2C5T144C8      |       4608 |      3792 |           89 |           4 |       119808 |       77056 |       70.49 |          |
+-----------+------------------+------------+-----------+--------------+-------------+--------------+-------------+-------------+----------+
| 13.0.1    | EP3C10E144C8     |      10320 |      5935 |           95 |          55 |       423936 |       76544 |       64.53 |    82.98 |
+-----------+------------------+------------+-----------+--------------+-------------+--------------+-------------+-------------+----------+
| 13.0.1    | EP4CE22F17C6     |      22320 |      7062 |          154 |         114 |       608256 |       76544 |       88.81 |    83.17 |
+-----------+------------------+------------+-----------+--------------+-------------+--------------+-------------+-------------+----------+
| 13.0.1    | EP4CE6E22C8      |       6272 |      5882 |           92 |          57 |       276480 |       76544 |       65.15 |    77.46 |
+-----------+------------------+------------+-----------+--------------+-------------+--------------+-------------+-------------+----------+
| 13.1.4    | EP3C10E144C8     |      10320 |      5950 |           95 |          55 |       423936 |       76544 |       74.87 |    85.22 |
+-----------+------------------+------------+-----------+--------------+-------------+--------------+-------------+-------------+----------+
| 13.1.4    | EP4CE22F17C6     |      22320 |      6385 |          154 |         114 |       608256 |       76544 |       87.83 |    94.38 |
+-----------+------------------+------------+-----------+--------------+-------------+--------------+-------------+-------------+----------+
| 13.1.4    | EP4CE6E22C8      |       6272 |      5883 |           92 |          57 |       276480 |       76544 |       58.91 |    83.93 |
+-----------+------------------+------------+-----------+--------------+-------------+--------------+-------------+-------------+----------+
| 16.1.2    | 10M50SAE144C8GES |      49760 |      6466 |          101 |          58 |      1677312 |       68352 |       69.99 |    79.85 |
+-----------+------------------+------------+-----------+--------------+-------------+--------------+-------------+-------------+----------+
| 16.1.2    | EP4CE22F17C6     |      22320 |      6170 |          154 |         114 |       608256 |       76544 |       97.43 |    90.3  |
+-----------+------------------+------------+-----------+--------------+-------------+--------------+-------------+-------------+----------+
| 16.1.2    | EP4CE6E22C8      |       6272 |      5825 |           92 |          57 |       276480 |       76544 |       66.1  |    82.64 |
+-----------+------------------+------------+-----------+--------------+-------------+--------------+-------------+-------------+----------+
| 17.0.0    | 10M50SAE144C8GES |      49760 |      6466 |          101 |          58 |      1677312 |       68352 |       72.58 |    81.19 |
+-----------+------------------+------------+-----------+--------------+-------------+--------------+-------------+-------------+----------+
| 17.0.0    | EP4CE22F17C6     |      22320 |      6170 |          154 |         114 |       608256 |       76544 |       99.15 |    91.35 |
+-----------+------------------+------------+-----------+--------------+-------------+--------------+-------------+-------------+----------+
| 17.0.0    | EP4CE6E22C8      |       6272 |      5825 |           92 |          57 |       276480 |       76544 |       65.61 |    79.81 |
+-----------+------------------+------------+-----------+--------------+-------------+--------------+-------------+-------------+----------+
