+-----------+------------------+------------+-----------+--------------+-------------+--------------+-------------+-------------+----------+
| Quartus   | Chip             |   Total LE |   Used LE |   Total pins |   Used pins |   Total bits |   Used bits |   Fwishbone |   Fsdram |
+===========+==================+============+===========+==============+=============+==============+=============+=============+==========+
| 13.0.1    | EP2C20F484C7     |      18752 |      7059 |          315 |          49 |       239616 |      142592 |       71.63 |    84.04 |
+-----------+------------------+------------+-----------+--------------+-------------+--------------+-------------+-------------+----------+
| 13.0.1    | EP2C5T144C8      |       4608 |      3792 |           89 |           4 |       119808 |       77056 |       70.49 |          |
+-----------+------------------+------------+-----------+--------------+-------------+--------------+-------------+-------------+----------+
| 13.0.1    | EP3C10E144C8     |      10320 |      5945 |           95 |          55 |       423936 |      142080 |       62.67 |    81.96 |
+-----------+------------------+------------+-----------+--------------+-------------+--------------+-------------+-------------+----------+
| 13.0.1    | EP4CE22F17C6     |      22320 |      7080 |          154 |         114 |       608256 |      273152 |       86.13 |    85.75 |
+-----------+------------------+------------+-----------+--------------+-------------+--------------+-------------+-------------+----------+
| 13.0.1    | EP4CE6E22C8      |       6272 |      5875 |           92 |          57 |       276480 |      142080 |       57.64 |    80.4  |
+-----------+------------------+------------+-----------+--------------+-------------+--------------+-------------+-------------+----------+
| 13.1.4    | EP3C10E144C8     |      10320 |      5965 |           95 |          55 |       423936 |      142080 |       75.61 |    78.7  |
+-----------+------------------+------------+-----------+--------------+-------------+--------------+-------------+-------------+----------+
| 13.1.4    | EP4CE22F17C6     |      22320 |      6916 |          154 |         114 |       608256 |      273152 |       98.86 |    87.21 |
+-----------+------------------+------------+-----------+--------------+-------------+--------------+-------------+-------------+----------+
| 13.1.4    | EP4CE6E22C8      |       6272 |      5903 |           92 |          57 |       276480 |      142080 |       64.57 |    83.67 |
+-----------+------------------+------------+-----------+--------------+-------------+--------------+-------------+-------------+----------+
| 16.1.2    | 10M50SAE144C8GES |      49760 |      6467 |          101 |          58 |      1677312 |      527104 |       52.45 |    83.22 |
+-----------+------------------+------------+-----------+--------------+-------------+--------------+-------------+-------------+----------+
| 16.1.2    | EP4CE22F17C6     |      22320 |      6185 |          154 |         114 |       608256 |      273152 |      101.49 |    95.05 |
+-----------+------------------+------------+-----------+--------------+-------------+--------------+-------------+-------------+----------+
| 16.1.2    | EP4CE6E22C8      |       6272 |      5858 |           92 |          57 |       276480 |      142080 |       77.71 |    81.47 |
+-----------+------------------+------------+-----------+--------------+-------------+--------------+-------------+-------------+----------+
| 17.0.0    | 10M50SAE144C8GES |      49760 |      6467 |          101 |          58 |      1677312 |      527104 |       61.23 |    81.46 |
+-----------+------------------+------------+-----------+--------------+-------------+--------------+-------------+-------------+----------+
| 17.0.0    | EP4CE22F17C6     |      22320 |      6185 |          154 |         114 |       608256 |      273152 |      101.62 |    93.49 |
+-----------+------------------+------------+-----------+--------------+-------------+--------------+-------------+-------------+----------+
| 17.0.0    | EP4CE6E22C8      |       6272 |      5858 |           92 |          57 |       276480 |      142080 |       77.71 |    81.47 |
+-----------+------------------+------------+-----------+--------------+-------------+--------------+-------------+-------------+----------+
