Assembler report for marsohod3-vscale-wb-soc_0
Sun Feb 26 17:24:52 2017
Quartus Prime Version 16.0.0 Build 211 04/27/2016 SJ Lite Edition


---------------------
; Table of Contents ;
---------------------
  1. Legal Notice
  2. Assembler Summary
  3. Assembler Settings
  4. Assembler Generated Files
  5. Assembler Device Options: marsohod3-vscale-wb-soc_0.sof
  6. Assembler Device Options: marsohod3-vscale-wb-soc_0.svf
  7. Assembler Device Options: marsohod3-vscale-wb-soc_0_pof.svf
  8. Assembler Messages



----------------
; Legal Notice ;
----------------
Copyright (C) 1991-2016 Altera Corporation. All rights reserved.
Your use of Altera Corporation's design tools, logic functions 
and other software and tools, and its AMPP partner logic 
functions, and any output files from any of the foregoing 
(including device programming or simulation files), and any 
associated documentation or information are expressly subject 
to the terms and conditions of the Altera Program License 
Subscription Agreement, the Altera Quartus Prime License Agreement,
the Altera MegaCore Function License Agreement, or other 
applicable license agreement, including, without limitation, 
that your use is for the sole purpose of programming logic 
devices manufactured by Altera and sold by Altera or its 
authorized distributors.  Please refer to the applicable 
agreement for further details.



+---------------------------------------------------------------+
; Assembler Summary                                             ;
+-----------------------+---------------------------------------+
; Assembler Status      ; Successful - Sun Feb 26 17:24:52 2017 ;
; Revision Name         ; marsohod3-vscale-wb-soc_0             ;
; Top-level Entity Name ; marsohod3_vscale_wb_soc               ;
; Family                ; MAX 10                                ;
; Device                ; 10M50SAE144C8GES                      ;
+-----------------------+---------------------------------------+


+---------------------------------------------------------------------------------------------------------------+
; Assembler Settings                                                                                            ;
+-----------------------------------------------------------------------------+----------------+----------------+
; Option                                                                      ; Setting        ; Default Value  ;
+-----------------------------------------------------------------------------+----------------+----------------+
; Use smart compilation                                                       ; Off            ; Off            ;
; Enable parallel Assembler and TimeQuest Timing Analyzer during compilation  ; On             ; On             ;
; Enable compact report table                                                 ; Off            ; Off            ;
; Generate Serial Vector Format File (.svf) for Target Device                 ; On             ; Off            ;
; Generate compressed bitstreams                                              ; On             ; On             ;
; Compression mode                                                            ; Off            ; Off            ;
; Clock source for configuration device                                       ; Internal       ; Internal       ;
; Clock frequency of the configuration device                                 ; 10 MHZ         ; 10 MHz         ;
; Divide clock frequency by                                                   ; 1              ; 1              ;
; Auto user code                                                              ; On             ; On             ;
; Use configuration device                                                    ; On             ; On             ;
; Configuration device                                                        ; Auto           ; Auto           ;
; Voltage output format                                                       ; Auto discovery ; Auto discovery ;
; Configuration device auto user code                                         ; Off            ; Off            ;
; Generate Tabular Text File (.ttf) For Target Device                         ; Off            ; Off            ;
; Generate Raw Binary File (.rbf) For Target Device                           ; Off            ; Off            ;
; Generate Hexadecimal (Intel-Format) Output File (.hexout) for Target Device ; Off            ; Off            ;
; Hexadecimal Output File start address                                       ; 0              ; 0              ;
; Hexadecimal Output File count direction                                     ; Up             ; Up             ;
; Release clears before tri-states                                            ; Off            ; Off            ;
; Auto-restart configuration after error                                      ; On             ; On             ;
; Enable OCT_DONE                                                             ; On             ; On             ;
; Power On Reset scheme                                                       ; Instant ON     ; Instant ON     ;
; Set IO to weak pull-up prior to usermode                                    ; On             ; On             ;
; Set SPI IO pins to weak pull-up prior to usermode                           ; On             ; On             ;
; Verify protect                                                              ; Off            ; Off            ;
; Generate a JEDEC STAPL Format File (.jam) for Target Device                 ; Off            ; Off            ;
; Generate a compressed Jam STAPL Byte Code 2.0 File (.jbc) for Target Device ; Off            ; Off            ;
; Generate a compressed Jam STAPL Byte Code 2.0 File (.jbc) for Target Device ; On             ; On             ;
; In-System Programming Default Clamp State                                   ; Tri-state      ; Tri-state      ;
+-----------------------------------------------------------------------------+----------------+----------------+


+-----------------------------------+
; Assembler Generated Files         ;
+-----------------------------------+
; File Name                         ;
+-----------------------------------+
; marsohod3-vscale-wb-soc_0.sof     ;
; marsohod3-vscale-wb-soc_0.svf     ;
; marsohod3-vscale-wb-soc_0_pof.svf ;
+-----------------------------------+


+---------------------------------------------------------+
; Assembler Device Options: marsohod3-vscale-wb-soc_0.sof ;
+----------------+----------------------------------------+
; Option         ; Setting                                ;
+----------------+----------------------------------------+
; Device         ; 10M50SAE144C8GES                       ;
; JTAG usercode  ; 0x005B2D77                             ;
; Checksum       ; 0x005B2D77                             ;
+----------------+----------------------------------------+


+---------------------------------------------------------+
; Assembler Device Options: marsohod3-vscale-wb-soc_0.svf ;
+-----------+---------------------------------------------+
; Option    ; Setting                                     ;
+-----------+---------------------------------------------+
; SVF file  ;                                             ;
+-----------+---------------------------------------------+


+-------------------------------------------------------------+
; Assembler Device Options: marsohod3-vscale-wb-soc_0_pof.svf ;
+-----------+-------------------------------------------------+
; Option    ; Setting                                         ;
+-----------+-------------------------------------------------+
; SVF file  ;                                                 ;
+-----------+-------------------------------------------------+


+--------------------+
; Assembler Messages ;
+--------------------+
Info: *******************************************************************
Info: Running Quartus Prime Assembler
    Info: Version 16.0.0 Build 211 04/27/2016 SJ Lite Edition
    Info: Copyright (C) 1991-2016 Altera Corporation. All rights reserved.
    Info: Your use of Altera Corporation's design tools, logic functions 
    Info: and other software and tools, and its AMPP partner logic 
    Info: functions, and any output files from any of the foregoing 
    Info: (including device programming or simulation files), and any 
    Info: associated documentation or information are expressly subject 
    Info: to the terms and conditions of the Altera Program License 
    Info: Subscription Agreement, the Altera Quartus Prime License Agreement,
    Info: the Altera MegaCore Function License Agreement, or other 
    Info: applicable license agreement, including, without limitation, 
    Info: that your use is for the sole purpose of programming logic 
    Info: devices manufactured by Altera and sold by Altera or its 
    Info: authorized distributors.  Please refer to the applicable 
    Info: agreement for further details.
    Info: Processing started: Sun Feb 26 17:24:46 2017
Info: Command: quartus_asm marsohod3-vscale-wb-soc_0
Info (115031): Writing out detailed assembly data for power analysis
Info (115030): Assembler is generating device programming files
Info: Quartus Prime Assembler was successful. 0 errors, 0 warnings
    Info: Peak virtual memory: 1085 megabytes
    Info: Processing ended: Sun Feb 26 17:24:52 2017
    Info: Elapsed time: 00:00:06
    Info: Total CPU time (on all processors): 00:00:06


